<?xml version="1.0" encoding="UTF-8"?>
<!-- Generated by org.testng.reporters.JUnitReportReporter -->
<testsuite hostname="user-PC" failures="0" tests="1" name="ValidateJsonresponse_jsonrequest" time="5.146" errors="0" timestamp="2023-12-01T17:45:41 IST" skipped="0">
  <testcase classname="ValidateJsonresponse_jsonrequest" name="Jsonrequest_Jsonresponse" time="5.146"/>
</testsuite> <!-- ValidateJsonresponse_jsonrequest -->
