<?xml version="1.0" encoding="UTF-8"?>
<!-- Generated by org.testng.reporters.JUnitReportReporter -->
<testsuite hostname="user-PC" failures="0" tests="1" name="DeleteRequest_BDD" time="0.390" errors="0" timestamp="2023-12-03T13:40:33 IST" skipped="0">
  <testcase classname="DeleteRequest_BDD" name="DeleteBDD" time="0.390"/>
</testsuite> <!-- DeleteRequest_BDD -->
