<?xml version="1.0" encoding="UTF-8"?>
<!-- Generated by org.testng.reporters.JUnitReportReporter -->
<testsuite hostname="user-PC" failures="0" tests="1" name="ValidateQueryParam" time="5.160" errors="0" timestamp="2023-11-30T21:16:57 IST" skipped="0">
  <testcase classname="ValidateQueryParam" name="validateQueery" time="5.160"/>
</testsuite> <!-- ValidateQueryParam -->
