<?xml version="1.0" encoding="UTF-8"?>
<!-- Generated by org.testng.reporters.JUnitReportReporter -->
<testsuite hostname="user-PC" failures="0" tests="1" name="ValidateBasicAuth" time="4.970" errors="0" timestamp="2023-11-24T18:05:38 IST" skipped="0">
  <testcase classname="ValidateBasicAuth" name="BasicAuth" time="4.970"/>
</testsuite> <!-- ValidateBasicAuth -->
