<?xml version="1.0" encoding="UTF-8"?>
<!-- Generated by org.testng.reporters.JUnitReportReporter -->
<testsuite hostname="user-PC" failures="0" tests="1" name="PutRequest_BDD" time="4.698" errors="0" timestamp="2023-11-22T21:51:10 IST" skipped="0">
  <testcase classname="PutRequest_BDD" name="Putdata" time="4.698"/>
</testsuite> <!-- PutRequest_BDD -->
