<?xml version="1.0" encoding="UTF-8"?>
<!-- Generated by org.testng.reporters.JUnitReportReporter -->
<testsuite hostname="user-PC" failures="0" tests="1" name="PutRequest_BDD" time="0.411" errors="0" timestamp="2023-12-03T13:40:33 IST" skipped="0">
  <testcase classname="PutRequest_BDD" name="Putdata" time="0.411"/>
</testsuite> <!-- PutRequest_BDD -->
