<?xml version="1.0" encoding="UTF-8"?>
<!-- Generated by org.testng.reporters.JUnitReportReporter -->
<testsuite hostname="user-PC" failures="0" tests="1" name="ValidateAPIKeyAuth" time="4.403" errors="0" timestamp="2023-11-27T14:57:45 IST" skipped="0">
  <testcase classname="ValidateAPIKeyAuth" name="APIKey" time="4.403"/>
</testsuite> <!-- ValidateAPIKeyAuth -->
