<?xml version="1.0" encoding="UTF-8"?>
<!-- Generated by org.testng.reporters.JUnitReportReporter -->
<testsuite hostname="user-PC" failures="0" tests="1" name="ValidateResponse" time="3.801" errors="0" timestamp="2023-11-30T21:24:19 IST" skipped="0">
  <testcase classname="ValidateResponse" name="validateresponse" time="3.801"/>
</testsuite> <!-- ValidateResponse -->
