<?xml version="1.0" encoding="UTF-8"?>
<!-- Generated by org.testng.reporters.JUnitReportReporter -->
<testsuite hostname="user-PC" failures="0" tests="1" name="ValidateJsonresponse_jsonrequest" time="1.066" errors="0" timestamp="2023-12-03T13:40:33 IST" skipped="0">
  <testcase classname="ValidateJsonresponse_jsonrequest" name="Jsonrequest_Jsonresponse" time="1.066"/>
</testsuite> <!-- ValidateJsonresponse_jsonrequest -->
