<?xml version="1.0" encoding="UTF-8"?>
<!-- Generated by org.testng.reporters.JUnitReportReporter -->
<testsuite hostname="user-PC" failures="0" tests="1" name="ValidateXmlRequest_JsonResponse" time="1.350" errors="0" timestamp="2023-12-03T13:40:33 IST" skipped="0">
  <testcase classname="ValidateXmlRequest_JsonResponse" name="XmlRequest_JsonResponse" time="1.350"/>
</testsuite> <!-- ValidateXmlRequest_JsonResponse -->
