<?xml version="1.0" encoding="UTF-8"?>
<!-- Generated by org.testng.reporters.JUnitReportReporter -->
<testsuite hostname="user-PC" failures="0" tests="2" name="FirstRestAssuredCase" time="4.113" errors="0" timestamp="2023-11-22T20:13:04 IST" skipped="1">
  <testcase classname="FirstRestAssuredCase" name="testcase02_BDDFormat" time="4.113"/>
  <testcase classname="FirstRestAssuredCase" name="testcase01_NonBDDFormat">
    <skipped/>
  </testcase> <!-- testcase01_NonBDDFormat -->
</testsuite> <!-- FirstRestAssuredCase -->
