<?xml version="1.0" encoding="UTF-8"?>
<!-- Generated by org.testng.reporters.JUnitReportReporter -->
<testsuite hostname="user-PC" failures="0" tests="1" name="xmlResponse_Approch2" time="4.796" errors="0" timestamp="2023-12-01T19:53:50 IST" skipped="0">
  <testcase classname="xmlResponse_Approch2" name="validatexmlresapp2" time="4.796"/>
</testsuite> <!-- xmlResponse_Approch2 -->
