<?xml version="1.0" encoding="UTF-8"?>
<!-- Generated by org.testng.reporters.JUnitReportReporter -->
<testsuite hostname="user-PC" failures="0" tests="1" name="PostMethod" time="0.366" errors="0" timestamp="2023-12-03T13:40:32 IST" skipped="0">
  <testcase classname="PostMethod" name="Get_BDDformat" time="0.366"/>
</testsuite> <!-- PostMethod -->
