<?xml version="1.0" encoding="UTF-8"?>
<!-- Generated by org.testng.reporters.JUnitReportReporter -->
<testsuite hostname="user-PC" failures="0" tests="1" name="xmlResponse_Approch2" time="0.809" errors="0" timestamp="2023-12-03T13:40:32 IST" skipped="0">
  <testcase classname="xmlResponse_Approch2" name="validatexmlresapp2" time="0.809"/>
</testsuite> <!-- xmlResponse_Approch2 -->
