<?xml version="1.0" encoding="UTF-8"?>
<!-- Generated by org.testng.reporters.JUnitReportReporter -->
<testsuite hostname="user-PC" failures="0" tests="1" name="ValidateBodyResponse" time="6.104" errors="0" timestamp="2023-11-23T21:24:29 IST" skipped="0">
  <testcase classname="ValidateBodyResponse" name="validatebody" time="6.104"/>
</testsuite> <!-- ValidateBodyResponse -->
