<?xml version="1.0" encoding="UTF-8"?>
<!-- Generated by org.testng.reporters.JUnitReportReporter -->
<testsuite hostname="user-PC" failures="0" tests="1" name="PatchRequest_BDD" time="0.509" errors="0" timestamp="2023-12-03T13:40:32 IST" skipped="0">
  <testcase classname="PatchRequest_BDD" name="Patch_BDD" time="0.509"/>
</testsuite> <!-- PatchRequest_BDD -->
