<?xml version="1.0" encoding="UTF-8"?>
<!-- Generated by org.testng.reporters.JUnitReportReporter -->
<testsuite hostname="user-PC" failures="0" tests="1" name="Create_BearerTokenAuth" time="4.398" errors="0" timestamp="2023-11-27T14:14:21 IST" skipped="0">
  <testcase classname="Create_BearerTokenAuth" name="BearerToken" time="4.398"/>
</testsuite> <!-- Create_BearerTokenAuth -->
