<?xml version="1.0" encoding="UTF-8"?>
<!-- Generated by org.testng.reporters.JUnitReportReporter -->
<testsuite hostname="user-PC" failures="0" tests="1" name="ValidateXMLResponse" time="6.712" errors="0" timestamp="2023-12-01T19:01:55 IST" skipped="0">
  <testcase classname="ValidateXMLResponse" name="validatexmlres" time="6.712"/>
</testsuite> <!-- ValidateXMLResponse -->
