<?xml version="1.0" encoding="UTF-8"?>
<!-- Generated by org.testng.reporters.JUnitReportReporter -->
<testsuite hostname="user-PC" failures="0" tests="1" name="ValidateXmlRequest_JsonResponse" time="5.331" errors="0" timestamp="2023-12-01T17:59:11 IST" skipped="0">
  <testcase classname="ValidateXmlRequest_JsonResponse" name="XmlRequest_JsonResponse" time="5.331"/>
</testsuite> <!-- ValidateXmlRequest_JsonResponse -->
