<?xml version="1.0" encoding="UTF-8"?>
<!-- Generated by org.testng.reporters.JUnitReportReporter -->
<testsuite hostname="user-PC" failures="0" tests="1" name="Deserialize" time="5.438" errors="0" timestamp="2023-11-28T16:33:15 IST" skipped="0">
  <testcase classname="Deserialize" name="DeserializeJsonResponse" time="5.438"/>
</testsuite> <!-- Deserialize -->
