<?xml version="1.0" encoding="UTF-8"?>
<!-- Generated by org.testng.reporters.JUnitReportReporter -->
<testsuite hostname="user-PC" failures="0" tests="1" name="com.restapiexa.ValidateBasicAuth_Premptive" time="1.510" errors="0" timestamp="2023-12-03T17:25:30 IST" skipped="0">
  <testcase classname="com.restapiexa.ValidateBasicAuth_Premptive" name="BasicAuth_pre" time="1.510"/>
</testsuite> <!-- com.restapiexa.ValidateBasicAuth_Premptive -->
