<?xml version="1.0" encoding="UTF-8"?>
<!-- Generated by org.testng.reporters.JUnitReportReporter -->
<testsuite hostname="user-PC" failures="0" tests="1" name="ValidateBasicAuth_Premptive" time="4.759" errors="0" timestamp="2023-11-24T18:43:59 IST" skipped="0">
  <testcase classname="ValidateBasicAuth_Premptive" name="BasicAuth_pre" time="4.759"/>
</testsuite> <!-- ValidateBasicAuth_Premptive -->
