<?xml version="1.0" encoding="UTF-8"?>
<!-- Generated by org.testng.reporters.JUnitReportReporter -->
<testsuite hostname="user-PC" failures="0" tests="1" name="com.restapiexa.Deserialize" time="7.285" errors="0" timestamp="2023-12-03T17:25:30 IST" skipped="0">
  <testcase classname="com.restapiexa.Deserialize" name="DeserializeJsonResponse" time="7.285"/>
</testsuite> <!-- com.restapiexa.Deserialize -->
