<?xml version="1.0" encoding="UTF-8"?>
<!-- Generated by org.testng.reporters.JUnitReportReporter -->
<testsuite hostname="user-PC" failures="0" tests="1" name="ValidateAPIKeyAuth" time="0.731" errors="0" timestamp="2023-12-03T13:40:33 IST" skipped="0">
  <testcase classname="ValidateAPIKeyAuth" name="APIKey" time="0.731"/>
</testsuite> <!-- ValidateAPIKeyAuth -->
