<?xml version="1.0" encoding="UTF-8"?>
<!-- Generated by org.testng.reporters.JUnitReportReporter -->
<testsuite hostname="user-PC" failures="0" tests="1" name="ValidateBodyResponse" time="0.162" errors="0" timestamp="2023-12-03T13:40:33 IST" skipped="0">
  <testcase classname="ValidateBodyResponse" name="validatebody" time="0.162"/>
</testsuite> <!-- ValidateBodyResponse -->
