<?xml version="1.0" encoding="UTF-8"?>
<!-- Generated by org.testng.reporters.JUnitReportReporter -->
<testsuite hostname="user-PC" failures="0" tests="2" name="com.restapiexa.GetRequestBDDandNonBDDFormat" time="4.154" errors="0" timestamp="2023-12-03T17:23:08 IST" skipped="1">
  <testcase classname="com.restapiexa.GetRequestBDDandNonBDDFormat" name="testcase02_BDDFormat" time="4.154"/>
  <testcase classname="com.restapiexa.GetRequestBDDandNonBDDFormat" name="testcase01_NonBDDFormat">
    <skipped/>
  </testcase> <!-- testcase01_NonBDDFormat -->
</testsuite> <!-- com.restapiexa.GetRequestBDDandNonBDDFormat -->
