<?xml version="1.0" encoding="UTF-8"?>
<!-- Generated by org.testng.reporters.JUnitReportReporter -->
<testsuite hostname="user-PC" failures="0" tests="1" name="PostMethod" time="5.132" errors="0" timestamp="2023-11-22T21:31:49 IST" skipped="0">
  <testcase classname="PostMethod" name="Create_BDDformat" time="5.132"/>
</testsuite> <!-- PostMethod -->
