<?xml version="1.0" encoding="UTF-8"?>
<!-- Generated by org.testng.reporters.JUnitReportReporter -->
<testsuite hostname="user-PC" failures="0" tests="1" name="validateHeaderResponse" time="7.467" errors="0" timestamp="2023-11-23T15:12:32 IST" skipped="0">
  <testcase classname="validateHeaderResponse" name="validate_headerResponse" time="7.467"/>
</testsuite> <!-- validateHeaderResponse -->
