<?xml version="1.0" encoding="UTF-8"?>
<!-- Generated by org.testng.reporters.JUnitReportReporter -->
<testsuite hostname="user-PC" failures="0" tests="1" name="ValidateQueryParam" time="2.196" errors="0" timestamp="2023-12-03T13:40:32 IST" skipped="0">
  <testcase classname="ValidateQueryParam" name="validateQueery" time="2.196"/>
</testsuite> <!-- ValidateQueryParam -->
