<?xml version="1.0" encoding="UTF-8"?>
<!-- Generated by org.testng.reporters.JUnitReportReporter -->
<testsuite hostname="user-PC" failures="0" tests="1" name="Deserialize" time="5.541" errors="0" timestamp="2023-12-03T16:45:00 IST" skipped="0">
  <testcase classname="Deserialize" name="DeserializeJsonResponse" time="5.541"/>
</testsuite> <!-- Deserialize -->
