<?xml version="1.0" encoding="UTF-8"?>
<!-- Generated by org.testng.reporters.JUnitReportReporter -->
<testsuite hostname="user-PC" failures="0" tests="2" name="GetRequestBDDandNonBDDFormat" time="4.877" errors="0" timestamp="2023-12-03T13:40:33 IST" skipped="1">
  <testcase classname="GetRequestBDDandNonBDDFormat" name="testcase02_BDDFormat" time="4.877"/>
  <testcase classname="GetRequestBDDandNonBDDFormat" name="testcase01_NonBDDFormat">
    <skipped/>
  </testcase> <!-- testcase01_NonBDDFormat -->
</testsuite> <!-- GetRequestBDDandNonBDDFormat -->
