<?xml version="1.0" encoding="UTF-8"?>
<!-- Generated by org.testng.reporters.JUnitReportReporter -->
<testsuite hostname="user-PC" failures="0" tests="1" name="PatchRequest_BDD" time="4.754" errors="0" timestamp="2023-11-22T22:01:17 IST" skipped="0">
  <testcase classname="PatchRequest_BDD" name="Patch_BDD" time="4.754"/>
</testsuite> <!-- PatchRequest_BDD -->
