<?xml version="1.0" encoding="UTF-8"?>
<!-- Generated by org.testng.reporters.JUnitReportReporter -->
<testsuite hostname="user-PC" failures="0" tests="1" name="ValidateJsonRequest_XmlResponse" time="4.955" errors="0" timestamp="2023-12-01T17:53:13 IST" skipped="0">
  <testcase classname="ValidateJsonRequest_XmlResponse" name="JsonRequest_XmlResponse" time="4.955"/>
</testsuite> <!-- ValidateJsonRequest_XmlResponse -->
