<?xml version="1.0" encoding="UTF-8"?>
<!-- Generated by org.testng.reporters.JUnitReportReporter -->
<testsuite hostname="user-PC" failures="0" tests="1" name="ValidateResponseGet" time="3.838" errors="0" timestamp="2023-11-23T12:41:45 IST" skipped="0">
  <testcase classname="ValidateResponseGet" name="validateresgetmethod" time="3.838"/>
</testsuite> <!-- ValidateResponseGet -->
