<?xml version="1.0" encoding="UTF-8"?>
<!-- Generated by org.testng.reporters.JUnitReportReporter -->
<testsuite hostname="user-PC" failures="0" tests="1" name="DeleteRequest_BDD" time="4.646" errors="0" timestamp="2023-11-22T22:06:59 IST" skipped="0">
  <testcase classname="DeleteRequest_BDD" name="DeleteBDD" time="4.646"/>
</testsuite> <!-- DeleteRequest_BDD -->
